18:07:29 **** Build of project csdemo_r5_bsp ****
make -k all 
"Running Make include in psu_cortexr5_0/libsrc/axipmon_v6_5/src"
C:/Xilinx/SDK/2017.2/gnuwin/bin/make -C psu_cortexr5_0/libsrc/axipmon_v6_5/src -s include  "SHELL=CMD" "COMPILER=armr5-none-eabi-gcc" "ARCHIVER=armr5-none-eabi-ar" "COMPILER_FLAGS=  -O2 -c -mcpu=cortex-r5" "EXTRA_COMPILER_FLAGS=-g -DARMR5 -Wall -Wextra -mfloat-abi=hard -mfpu=vfpv3-d16"
"Running Make include in psu_cortexr5_0/libsrc/canps_v3_2/src"
C:/Xilinx/SDK/2017.2/gnuwin/bin/make -C psu_cortexr5_0/libsrc/canps_v3_2/src -s include  "SHELL=CMD" "COMPILER=armr5-none-eabi-gcc" "ARCHIVER=armr5-none-eabi-ar" "COMPILER_FLAGS=  -O2 -c -mcpu=cortex-r5" "EXTRA_COMPILER_FLAGS=-g -DARMR5 -Wall -Wextra -mfloat-abi=hard -mfpu=vfpv3-d16"
"Running Make include in psu_cortexr5_0/libsrc/coresightps_dcc_v1_4/src"
C:/Xilinx/SDK/2017.2/gnuwin/bin/make -C psu_cortexr5_0/libsrc/coresightps_dcc_v1_4/src -s include  "SHELL=CMD" "COMPILER=armr5-none-eabi-gcc" "ARCHIVER=armr5-none-eabi-ar" "COMPILER_FLAGS=  -O2 -c -mcpu=cortex-r5" "EXTRA_COMPILER_FLAGS=-g -DARMR5 -Wall -Wextra -mfloat-abi=hard -mfpu=vfpv3-d16"
"Running Make include in psu_cortexr5_0/libsrc/cpu_cortexr5_v1_3/src"
C:/Xilinx/SDK/2017.2/gnuwin/bin/make -C psu_cortexr5_0/libsrc/cpu_cortexr5_v1_3/src -s include  "SHELL=CMD" "COMPILER=armr5-none-eabi-gcc" "ARCHIVER=armr5-none-eabi-ar" "COMPILER_FLAGS=  -O2 -c -mcpu=cortex-r5" "EXTRA_COMPILER_FLAGS=-g -DARMR5 -Wall -Wextra -mfloat-abi=hard -mfpu=vfpv3-d16"
"Running Make include in psu_cortexr5_0/libsrc/csudma_v1_1/src"
C:/Xilinx/SDK/2017.2/gnuwin/bin/make -C psu_cortexr5_0/libsrc/csudma_v1_1/src -s include  "SHELL=CMD" "COMPILER=armr5-none-eabi-gcc" "ARCHIVER=armr5-none-eabi-ar" "COMPILER_FLAGS=  -O2 -c -mcpu=cortex-r5" "EXTRA_COMPILER_FLAGS=-g -DARMR5 -Wall -Wextra -mfloat-abi=hard -mfpu=vfpv3-d16"
"Running Make include in psu_cortexr5_0/libsrc/ddrcpsu_v1_1/src"
C:/Xilinx/SDK/2017.2/gnuwin/bin/make -C psu_cortexr5_0/libsrc/ddrcpsu_v1_1/src -s include  "SHELL=CMD" "COMPILER=armr5-none-eabi-gcc" "ARCHIVER=armr5-none-eabi-ar" "COMPILER_FLAGS=  -O2 -c -mcpu=cortex-r5" "EXTRA_COMPILER_FLAGS=-g -DARMR5 -Wall -Wextra -mfloat-abi=hard -mfpu=vfpv3-d16"
"Running Make include in psu_cortexr5_0/libsrc/emacps_v3_4/src"
C:/Xilinx/SDK/2017.2/gnuwin/bin/make -C psu_cortexr5_0/libsrc/emacps_v3_4/src -s include  "SHELL=CMD" "COMPILER=armr5-none-eabi-gcc" "ARCHIVER=armr5-none-eabi-ar" "COMPILER_FLAGS=  -O2 -c -mcpu=cortex-r5" "EXTRA_COMPILER_FLAGS=-g -DARMR5 -Wall -Wextra -mfloat-abi=hard -mfpu=vfpv3-d16"
"Running Make include in psu_cortexr5_0/libsrc/gpiops_v3_3/src"
C:/Xilinx/SDK/2017.2/gnuwin/bin/make -C psu_cortexr5_0/libsrc/gpiops_v3_3/src -s include  "SHELL=CMD" "COMPILER=armr5-none-eabi-gcc" "ARCHIVER=armr5-none-eabi-ar" "COMPILER_FLAGS=  -O2 -c -mcpu=cortex-r5" "EXTRA_COMPILER_FLAGS=-g -DARMR5 -Wall -Wextra -mfloat-abi=hard -mfpu=vfpv3-d16"
"Running Make include in psu_cortexr5_0/libsrc/iicps_v3_5/src"
C:/Xilinx/SDK/2017.2/gnuwin/bin/make -C psu_cortexr5_0/libsrc/iicps_v3_5/src -s include  "SHELL=CMD" "COMPILER=armr5-none-eabi-gcc" "ARCHIVER=armr5-none-eabi-ar" "COMPILER_FLAGS=  -O2 -c -mcpu=cortex-r5" "EXTRA_COMPILER_FLAGS=-g -DARMR5 -Wall -Wextra -mfloat-abi=hard -mfpu=vfpv3-d16"
"Running Make include in psu_cortexr5_0/libsrc/ipipsu_v2_3/src"
C:/Xilinx/SDK/2017.2/gnuwin/bin/make -C psu_cortexr5_0/libsrc/ipipsu_v2_3/src -s include  "SHELL=CMD" "COMPILER=armr5-none-eabi-gcc" "ARCHIVER=armr5-none-eabi-ar" "COMPILER_FLAGS=  -O2 -c -mcpu=cortex-r5" "EXTRA_COMPILER_FLAGS=-g -DARMR5 -Wall -Wextra -mfloat-abi=hard -mfpu=vfpv3-d16"
"Running Make include in psu_cortexr5_0/libsrc/qspipsu_v1_4/src"
C:/Xilinx/SDK/2017.2/gnuwin/bin/make -C psu_cortexr5_0/libsrc/qspipsu_v1_4/src -s include  "SHELL=CMD" "COMPILER=armr5-none-eabi-gcc" "ARCHIVER=armr5-none-eabi-ar" "COMPILER_FLAGS=  -O2 -c -mcpu=cortex-r5" "EXTRA_COMPILER_FLAGS=-g -DARMR5 -Wall -Wextra -mfloat-abi=hard -mfpu=vfpv3-d16"
"Running Make include in psu_cortexr5_0/libsrc/rtcpsu_v1_4/src"
C:/Xilinx/SDK/2017.2/gnuwin/bin/make -C psu_cortexr5_0/libsrc/rtcpsu_v1_4/src -s include  "SHELL=CMD" "COMPILER=armr5-none-eabi-gcc" "ARCHIVER=armr5-none-eabi-ar" "COMPILER_FLAGS=  -O2 -c -mcpu=cortex-r5" "EXTRA_COMPILER_FLAGS=-g -DARMR5 -Wall -Wextra -mfloat-abi=hard -mfpu=vfpv3-d16"
"Running Make include in psu_cortexr5_0/libsrc/scugic_v3_7/src"
C:/Xilinx/SDK/2017.2/gnuwin/bin/make -C psu_cortexr5_0/libsrc/scugic_v3_7/src -s include  "SHELL=CMD" "COMPILER=armr5-none-eabi-gcc" "ARCHIVER=armr5-none-eabi-ar" "COMPILER_FLAGS=  -O2 -c -mcpu=cortex-r5" "EXTRA_COMPILER_FLAGS=-g -DARMR5 -Wall -Wextra -mfloat-abi=hard -mfpu=vfpv3-d16"
"Running Make include in psu_cortexr5_0/libsrc/sdps_v3_2/src"
C:/Xilinx/SDK/2017.2/gnuwin/bin/make -C psu_cortexr5_0/libsrc/sdps_v3_2/src -s include  "SHELL=CMD" "COMPILER=armr5-none-eabi-gcc" "ARCHIVER=armr5-none-eabi-ar" "COMPILER_FLAGS=  -O2 -c -mcpu=cortex-r5" "EXTRA_COMPILER_FLAGS=-g -DARMR5 -Wall -Wextra -mfloat-abi=hard -mfpu=vfpv3-d16"
"Running Make include in psu_cortexr5_0/libsrc/standalone_v6_3/src"
C:/Xilinx/SDK/2017.2/gnuwin/bin/make -C psu_cortexr5_0/libsrc/standalone_v6_3/src -s include  "SHELL=CMD" "COMPILER=armr5-none-eabi-gcc" "ARCHIVER=armr5-none-eabi-ar" "COMPILER_FLAGS=  -O2 -c -mcpu=cortex-r5" "EXTRA_COMPILER_FLAGS=-g -DARMR5 -Wall -Wextra -mfloat-abi=hard -mfpu=vfpv3-d16"
"Running Make include in psu_cortexr5_0/libsrc/sysmonpsu_v2_2/src"
C:/Xilinx/SDK/2017.2/gnuwin/bin/make -C psu_cortexr5_0/libsrc/sysmonpsu_v2_2/src -s include  "SHELL=CMD" "COMPILER=armr5-none-eabi-gcc" "ARCHIVER=armr5-none-eabi-ar" "COMPILER_FLAGS=  -O2 -c -mcpu=cortex-r5" "EXTRA_COMPILER_FLAGS=-g -DARMR5 -Wall -Wextra -mfloat-abi=hard -mfpu=vfpv3-d16"
"Running Make include in psu_cortexr5_0/libsrc/ttcps_v3_3/src"
C:/Xilinx/SDK/2017.2/gnuwin/bin/make -C psu_cortexr5_0/libsrc/ttcps_v3_3/src -s include  "SHELL=CMD" "COMPILER=armr5-none-eabi-gcc" "ARCHIVER=armr5-none-eabi-ar" "COMPILER_FLAGS=  -O2 -c -mcpu=cortex-r5" "EXTRA_COMPILER_FLAGS=-g -DARMR5 -Wall -Wextra -mfloat-abi=hard -mfpu=vfpv3-d16"
"Running Make include in psu_cortexr5_0/libsrc/uartps_v3_4/src"
C:/Xilinx/SDK/2017.2/gnuwin/bin/make -C psu_cortexr5_0/libsrc/uartps_v3_4/src -s include  "SHELL=CMD" "COMPILER=armr5-none-eabi-gcc" "ARCHIVER=armr5-none-eabi-ar" "COMPILER_FLAGS=  -O2 -c -mcpu=cortex-r5" "EXTRA_COMPILER_FLAGS=-g -DARMR5 -Wall -Wextra -mfloat-abi=hard -mfpu=vfpv3-d16"
"Running Make include in psu_cortexr5_0/libsrc/usbpsu_v1_2/src"
C:/Xilinx/SDK/2017.2/gnuwin/bin/make -C psu_cortexr5_0/libsrc/usbpsu_v1_2/src -s include  "SHELL=CMD" "COMPILER=armr5-none-eabi-gcc" "ARCHIVER=armr5-none-eabi-ar" "COMPILER_FLAGS=  -O2 -c -mcpu=cortex-r5" "EXTRA_COMPILER_FLAGS=-g -DARMR5 -Wall -Wextra -mfloat-abi=hard -mfpu=vfpv3-d16"
"Running Make include in psu_cortexr5_0/libsrc/wdtps_v3_0/src"
C:/Xilinx/SDK/2017.2/gnuwin/bin/make -C psu_cortexr5_0/libsrc/wdtps_v3_0/src -s include  "SHELL=CMD" "COMPILER=armr5-none-eabi-gcc" "ARCHIVER=armr5-none-eabi-ar" "COMPILER_FLAGS=  -O2 -c -mcpu=cortex-r5" "EXTRA_COMPILER_FLAGS=-g -DARMR5 -Wall -Wextra -mfloat-abi=hard -mfpu=vfpv3-d16"
"Running Make include in psu_cortexr5_0/libsrc/zdma_v1_2/src"
C:/Xilinx/SDK/2017.2/gnuwin/bin/make -C psu_cortexr5_0/libsrc/zdma_v1_2/src -s include  "SHELL=CMD" "COMPILER=armr5-none-eabi-gcc" "ARCHIVER=armr5-none-eabi-ar" "COMPILER_FLAGS=  -O2 -c -mcpu=cortex-r5" "EXTRA_COMPILER_FLAGS=-g -DARMR5 -Wall -Wextra -mfloat-abi=hard -mfpu=vfpv3-d16"
"Running Make libs in psu_cortexr5_0/libsrc/axipmon_v6_5/src"
C:/Xilinx/SDK/2017.2/gnuwin/bin/make -C psu_cortexr5_0/libsrc/axipmon_v6_5/src -s libs  "SHELL=CMD" "COMPILER=armr5-none-eabi-gcc" "ARCHIVER=armr5-none-eabi-ar" "COMPILER_FLAGS=  -O2 -c -mcpu=cortex-r5" "EXTRA_COMPILER_FLAGS=-g -DARMR5 -Wall -Wextra -mfloat-abi=hard -mfpu=vfpv3-d16"
"Compiling axipmon"
armr5-none-eabi-ar: creating ../../../lib/libxil.a
"Running Make libs in psu_cortexr5_0/libsrc/canps_v3_2/src"
C:/Xilinx/SDK/2017.2/gnuwin/bin/make -C psu_cortexr5_0/libsrc/canps_v3_2/src -s libs  "SHELL=CMD" "COMPILER=armr5-none-eabi-gcc" "ARCHIVER=armr5-none-eabi-ar" "COMPILER_FLAGS=  -O2 -c -mcpu=cortex-r5" "EXTRA_COMPILER_FLAGS=-g -DARMR5 -Wall -Wextra -mfloat-abi=hard -mfpu=vfpv3-d16"
"Compiling canps"
"Running Make libs in psu_cortexr5_0/libsrc/coresightps_dcc_v1_4/src"
C:/Xilinx/SDK/2017.2/gnuwin/bin/make -C psu_cortexr5_0/libsrc/coresightps_dcc_v1_4/src -s libs  "SHELL=CMD" "COMPILER=armr5-none-eabi-gcc" "ARCHIVER=armr5-none-eabi-ar" "COMPILER_FLAGS=  -O2 -c -mcpu=cortex-r5" "EXTRA_COMPILER_FLAGS=-g -DARMR5 -Wall -Wextra -mfloat-abi=hard -mfpu=vfpv3-d16"
"Compiling coresightps_dcc"
"Running Make libs in psu_cortexr5_0/libsrc/cpu_cortexr5_v1_3/src"
C:/Xilinx/SDK/2017.2/gnuwin/bin/make -C psu_cortexr5_0/libsrc/cpu_cortexr5_v1_3/src -s libs  "SHELL=CMD" "COMPILER=armr5-none-eabi-gcc" "ARCHIVER=armr5-none-eabi-ar" "COMPILER_FLAGS=  -O2 -c -mcpu=cortex-r5" "EXTRA_COMPILER_FLAGS=-g -DARMR5 -Wall -Wextra -mfloat-abi=hard -mfpu=vfpv3-d16"
"Compiling cpu_cortexr5"
"Running Make libs in psu_cortexr5_0/libsrc/csudma_v1_1/src"
C:/Xilinx/SDK/2017.2/gnuwin/bin/make -C psu_cortexr5_0/libsrc/csudma_v1_1/src -s libs  "SHELL=CMD" "COMPILER=armr5-none-eabi-gcc" "ARCHIVER=armr5-none-eabi-ar" "COMPILER_FLAGS=  -O2 -c -mcpu=cortex-r5" "EXTRA_COMPILER_FLAGS=-g -DARMR5 -Wall -Wextra -mfloat-abi=hard -mfpu=vfpv3-d16"
"Compiling csudma"
"Running Make libs in psu_cortexr5_0/libsrc/ddrcpsu_v1_1/src"
C:/Xilinx/SDK/2017.2/gnuwin/bin/make -C psu_cortexr5_0/libsrc/ddrcpsu_v1_1/src -s libs  "SHELL=CMD" "COMPILER=armr5-none-eabi-gcc" "ARCHIVER=armr5-none-eabi-ar" "COMPILER_FLAGS=  -O2 -c -mcpu=cortex-r5" "EXTRA_COMPILER_FLAGS=-g -DARMR5 -Wall -Wextra -mfloat-abi=hard -mfpu=vfpv3-d16"
"Compiling ddrcpsu"
"Running Make libs in psu_cortexr5_0/libsrc/emacps_v3_4/src"
C:/Xilinx/SDK/2017.2/gnuwin/bin/make -C psu_cortexr5_0/libsrc/emacps_v3_4/src -s libs  "SHELL=CMD" "COMPILER=armr5-none-eabi-gcc" "ARCHIVER=armr5-none-eabi-ar" "COMPILER_FLAGS=  -O2 -c -mcpu=cortex-r5" "EXTRA_COMPILER_FLAGS=-g -DARMR5 -Wall -Wextra -mfloat-abi=hard -mfpu=vfpv3-d16"
"Compiling emacps"
"Running Make libs in psu_cortexr5_0/libsrc/gpiops_v3_3/src"
C:/Xilinx/SDK/2017.2/gnuwin/bin/make -C psu_cortexr5_0/libsrc/gpiops_v3_3/src -s libs  "SHELL=CMD" "COMPILER=armr5-none-eabi-gcc" "ARCHIVER=armr5-none-eabi-ar" "COMPILER_FLAGS=  -O2 -c -mcpu=cortex-r5" "EXTRA_COMPILER_FLAGS=-g -DARMR5 -Wall -Wextra -mfloat-abi=hard -mfpu=vfpv3-d16"
"Compiling gpiops"
"Running Make libs in psu_cortexr5_0/libsrc/iicps_v3_5/src"
C:/Xilinx/SDK/2017.2/gnuwin/bin/make -C psu_cortexr5_0/libsrc/iicps_v3_5/src -s libs  "SHELL=CMD" "COMPILER=armr5-none-eabi-gcc" "ARCHIVER=armr5-none-eabi-ar" "COMPILER_FLAGS=  -O2 -c -mcpu=cortex-r5" "EXTRA_COMPILER_FLAGS=-g -DARMR5 -Wall -Wextra -mfloat-abi=hard -mfpu=vfpv3-d16"
"Compiling iicps"
"Running Make libs in psu_cortexr5_0/libsrc/ipipsu_v2_3/src"
C:/Xilinx/SDK/2017.2/gnuwin/bin/make -C psu_cortexr5_0/libsrc/ipipsu_v2_3/src -s libs  "SHELL=CMD" "COMPILER=armr5-none-eabi-gcc" "ARCHIVER=armr5-none-eabi-ar" "COMPILER_FLAGS=  -O2 -c -mcpu=cortex-r5" "EXTRA_COMPILER_FLAGS=-g -DARMR5 -Wall -Wextra -mfloat-abi=hard -mfpu=vfpv3-d16"
"Compiling ipipsu"
"Running Make libs in psu_cortexr5_0/libsrc/qspipsu_v1_4/src"
C:/Xilinx/SDK/2017.2/gnuwin/bin/make -C psu_cortexr5_0/libsrc/qspipsu_v1_4/src -s libs  "SHELL=CMD" "COMPILER=armr5-none-eabi-gcc" "ARCHIVER=armr5-none-eabi-ar" "COMPILER_FLAGS=  -O2 -c -mcpu=cortex-r5" "EXTRA_COMPILER_FLAGS=-g -DARMR5 -Wall -Wextra -mfloat-abi=hard -mfpu=vfpv3-d16"
"Compiling qspipsu"
"Running Make libs in psu_cortexr5_0/libsrc/rtcpsu_v1_4/src"
C:/Xilinx/SDK/2017.2/gnuwin/bin/make -C psu_cortexr5_0/libsrc/rtcpsu_v1_4/src -s libs  "SHELL=CMD" "COMPILER=armr5-none-eabi-gcc" "ARCHIVER=armr5-none-eabi-ar" "COMPILER_FLAGS=  -O2 -c -mcpu=cortex-r5" "EXTRA_COMPILER_FLAGS=-g -DARMR5 -Wall -Wextra -mfloat-abi=hard -mfpu=vfpv3-d16"
"Compiling rtcpsu"
"Running Make libs in psu_cortexr5_0/libsrc/scugic_v3_7/src"
C:/Xilinx/SDK/2017.2/gnuwin/bin/make -C psu_cortexr5_0/libsrc/scugic_v3_7/src -s libs  "SHELL=CMD" "COMPILER=armr5-none-eabi-gcc" "ARCHIVER=armr5-none-eabi-ar" "COMPILER_FLAGS=  -O2 -c -mcpu=cortex-r5" "EXTRA_COMPILER_FLAGS=-g -DARMR5 -Wall -Wextra -mfloat-abi=hard -mfpu=vfpv3-d16"
"Compiling scugic"
xscugic_g.c:53:2: warning: missing initializer for field 'HandlerTable' of 'XScuGic_Config {aka struct <anonymous>}' [-Wmissing-field-initializers]
  }
  ^
In file included from xscugic_g.c:41:0:
xscugic.h:218:27: note: 'HandlerTable' declared here
  XScuGic_VectorTableEntry HandlerTable[XSCUGIC_MAX_NUM_INTR_INPUTS];/**<
                           ^
"Running Make libs in psu_cortexr5_0/libsrc/sdps_v3_2/src"
C:/Xilinx/SDK/2017.2/gnuwin/bin/make -C psu_cortexr5_0/libsrc/sdps_v3_2/src -s libs  "SHELL=CMD" "COMPILER=armr5-none-eabi-gcc" "ARCHIVER=armr5-none-eabi-ar" "COMPILER_FLAGS=  -O2 -c -mcpu=cortex-r5" "EXTRA_COMPILER_FLAGS=-g -DARMR5 -Wall -Wextra -mfloat-abi=hard -mfpu=vfpv3-d16"
"Compiling sdps"
"Running Make libs in psu_cortexr5_0/libsrc/standalone_v6_3/src"
C:/Xilinx/SDK/2017.2/gnuwin/bin/make -C psu_cortexr5_0/libsrc/standalone_v6_3/src -s libs  "SHELL=CMD" "COMPILER=armr5-none-eabi-gcc" "ARCHIVER=armr5-none-eabi-ar" "COMPILER_FLAGS=  -O2 -c -mcpu=cortex-r5" "EXTRA_COMPILER_FLAGS=-g -DARMR5 -Wall -Wextra -mfloat-abi=hard -mfpu=vfpv3-d16"
"Compiling standalone R5"
"Running Make libs in psu_cortexr5_0/libsrc/sysmonpsu_v2_2/src"
C:/Xilinx/SDK/2017.2/gnuwin/bin/make -C psu_cortexr5_0/libsrc/sysmonpsu_v2_2/src -s libs  "SHELL=CMD" "COMPILER=armr5-none-eabi-gcc" "ARCHIVER=armr5-none-eabi-ar" "COMPILER_FLAGS=  -O2 -c -mcpu=cortex-r5" "EXTRA_COMPILER_FLAGS=-g -DARMR5 -Wall -Wextra -mfloat-abi=hard -mfpu=vfpv3-d16"
"Compiling sysmonpsu"
"Running Make libs in psu_cortexr5_0/libsrc/ttcps_v3_3/src"
C:/Xilinx/SDK/2017.2/gnuwin/bin/make -C psu_cortexr5_0/libsrc/ttcps_v3_3/src -s libs  "SHELL=CMD" "COMPILER=armr5-none-eabi-gcc" "ARCHIVER=armr5-none-eabi-ar" "COMPILER_FLAGS=  -O2 -c -mcpu=cortex-r5" "EXTRA_COMPILER_FLAGS=-g -DARMR5 -Wall -Wextra -mfloat-abi=hard -mfpu=vfpv3-d16"
"Compiling ttcps"
"Running Make libs in psu_cortexr5_0/libsrc/uartps_v3_4/src"
C:/Xilinx/SDK/2017.2/gnuwin/bin/make -C psu_cortexr5_0/libsrc/uartps_v3_4/src -s libs  "SHELL=CMD" "COMPILER=armr5-none-eabi-gcc" "ARCHIVER=armr5-none-eabi-ar" "COMPILER_FLAGS=  -O2 -c -mcpu=cortex-r5" "EXTRA_COMPILER_FLAGS=-g -DARMR5 -Wall -Wextra -mfloat-abi=hard -mfpu=vfpv3-d16"
"Compiling uartps"
"Running Make libs in psu_cortexr5_0/libsrc/usbpsu_v1_2/src"
C:/Xilinx/SDK/2017.2/gnuwin/bin/make -C psu_cortexr5_0/libsrc/usbpsu_v1_2/src -s libs  "SHELL=CMD" "COMPILER=armr5-none-eabi-gcc" "ARCHIVER=armr5-none-eabi-ar" "COMPILER_FLAGS=  -O2 -c -mcpu=cortex-r5" "EXTRA_COMPILER_FLAGS=-g -DARMR5 -Wall -Wextra -mfloat-abi=hard -mfpu=vfpv3-d16"
"Compiling usbpsu"
"Running Make libs in psu_cortexr5_0/libsrc/wdtps_v3_0/src"
C:/Xilinx/SDK/2017.2/gnuwin/bin/make -C psu_cortexr5_0/libsrc/wdtps_v3_0/src -s libs  "SHELL=CMD" "COMPILER=armr5-none-eabi-gcc" "ARCHIVER=armr5-none-eabi-ar" "COMPILER_FLAGS=  -O2 -c -mcpu=cortex-r5" "EXTRA_COMPILER_FLAGS=-g -DARMR5 -Wall -Wextra -mfloat-abi=hard -mfpu=vfpv3-d16"
"Compiling wdtps"
"Running Make libs in psu_cortexr5_0/libsrc/zdma_v1_2/src"
C:/Xilinx/SDK/2017.2/gnuwin/bin/make -C psu_cortexr5_0/libsrc/zdma_v1_2/src -s libs  "SHELL=CMD" "COMPILER=armr5-none-eabi-gcc" "ARCHIVER=armr5-none-eabi-ar" "COMPILER_FLAGS=  -O2 -c -mcpu=cortex-r5" "EXTRA_COMPILER_FLAGS=-g -DARMR5 -Wall -Wextra -mfloat-abi=hard -mfpu=vfpv3-d16"
"Compiling zdma"
'Finished building libraries'

18:08:14 Build Finished (took 45s.348ms)

